<component name="libraryTable">
  <library name="junit-jupiter-5.7.2">
    <CLASSES>
      <root url="jar://$PROJECT_DIR$/proxy/.gradle/caches/modules-2/files-2.1/org.junit.jupiter/junit-jupiter/5.7.2/62faa742964a9d8dab8fdb4a0eab7b01441c171f/junit-jupiter-5.7.2.jar!/" />
    </CLASSES>
    <JAVADOC />
    <SOURCES />
  </library>
</component>