<component name="libraryTable">
  <library name="junit-platform-engine-1.7.2">
    <CLASSES>
      <root url="jar://$PROJECT_DIR$/proxy/.gradle/caches/modules-2/files-2.1/org.junit.platform/junit-platform-engine/1.7.2/2573770b46b8a199ed5f6b0f96fb99e468bfe891/junit-platform-engine-1.7.2.jar!/" />
    </CLASSES>
    <JAVADOC />
    <SOURCES />
  </library>
</component>