<component name="libraryTable">
  <library name="junit-jupiter-params-5.7.2-sources">
    <CLASSES>
      <root url="jar://$PROJECT_DIR$/proxy/.gradle/caches/modules-2/files-2.1/org.junit.jupiter/junit-jupiter-params/5.7.2/45d7318c86fa4c826fab267fadc0839d40267da2/junit-jupiter-params-5.7.2-sources.jar!/" />
    </CLASSES>
    <JAVADOC />
    <SOURCES />
  </library>
</component>