<component name="libraryTable">
  <library name="junit-jupiter-engine-5.7.2-sources">
    <CLASSES>
      <root url="jar://$PROJECT_DIR$/proxy/.gradle/caches/modules-2/files-2.1/org.junit.jupiter/junit-jupiter-engine/5.7.2/7c0d81d9af26a35e3f552eaaad2aa6867218d534/junit-jupiter-engine-5.7.2-sources.jar!/" />
    </CLASSES>
    <JAVADOC />
    <SOURCES />
  </library>
</component>