<component name="libraryTable">
  <library name="junit-jupiter-api-5.7.2-sources">
    <CLASSES>
      <root url="jar://$PROJECT_DIR$/proxy/.gradle/caches/modules-2/files-2.1/org.junit.jupiter/junit-jupiter-api/5.7.2/ebca04edd1975a8fd42846c4f6d0b8fec3d6efc1/junit-jupiter-api-5.7.2-sources.jar!/" />
    </CLASSES>
    <JAVADOC />
    <SOURCES />
  </library>
</component>