<component name="libraryTable">
  <library name="junit-platform-engine-1.7.2-sources">
    <CLASSES>
      <root url="jar://$PROJECT_DIR$/proxy/.gradle/caches/modules-2/files-2.1/org.junit.platform/junit-platform-engine/1.7.2/4d160bb45611331ab4feba5dde85ebceb05a824e/junit-platform-engine-1.7.2-sources.jar!/" />
    </CLASSES>
    <JAVADOC />
    <SOURCES />
  </library>
</component>