<component name="libraryTable">
  <library name="junit-jupiter-5.7.2-sources">
    <CLASSES>
      <root url="jar://$PROJECT_DIR$/proxy/.gradle/caches/modules-2/files-2.1/org.junit.jupiter/junit-jupiter/5.7.2/7009caa171d1d6af0f6f09dff25f9f574826a490/junit-jupiter-5.7.2-sources.jar!/" />
    </CLASSES>
    <JAVADOC />
    <SOURCES />
  </library>
</component>