<component name="libraryTable">
  <library name="junit-platform-commons-1.7.2-sources">
    <CLASSES>
      <root url="jar://$PROJECT_DIR$/proxy/.gradle/caches/modules-2/files-2.1/org.junit.platform/junit-platform-commons/1.7.2/1ff6be63f8bb2ef0d8c20b771a1d9160b6077a81/junit-platform-commons-1.7.2-sources.jar!/" />
    </CLASSES>
    <JAVADOC />
    <SOURCES />
  </library>
</component>